<?xml version="1.0" encoding="UTF-8"?>
<testng-results skipped="0" failed="0" ignored="0" total="1" passed="1">
  <reporter-output>
  </reporter-output>
  <suite name="Default suite" duration-ms="4196" started-at="2017-02-26T17:59:33Z" finished-at="2017-02-26T17:59:37Z">
    <groups>
    </groups>
    <test name="Default test" duration-ms="4196" started-at="2017-02-26T17:59:33Z" finished-at="2017-02-26T17:59:37Z">
      <class name="com.aws.test.S3Test">
        <test-method status="PASS" signature="beforeAllTests()[pri:0, instance:com.aws.test.S3Test@51565ec2]" name="beforeAllTests" is-config="true" duration-ms="3257" started-at="2017-02-26T23:29:33Z" finished-at="2017-02-26T23:29:36Z">
          <reporter-output>
          </reporter-output>
        </test-method> <!-- beforeAllTests -->
        <test-method status="PASS" signature="s3_Upload_Download_File_Verify_Checksum()[pri:0, instance:com.aws.test.S3Test@51565ec2]" name="s3_Upload_Download_File_Verify_Checksum" duration-ms="467" started-at="2017-02-26T23:29:36Z" finished-at="2017-02-26T23:29:36Z">
          <reporter-output>
          </reporter-output>
        </test-method> <!-- s3_Upload_Download_File_Verify_Checksum -->
        <test-method status="PASS" signature="afterAllTests()[pri:0, instance:com.aws.test.S3Test@51565ec2]" name="afterAllTests" is-config="true" duration-ms="437" started-at="2017-02-26T23:29:36Z" finished-at="2017-02-26T23:29:37Z">
          <reporter-output>
          </reporter-output>
        </test-method> <!-- afterAllTests -->
      </class> <!-- com.aws.test.S3Test -->
    </test> <!-- Default test -->
  </suite> <!-- Default suite -->
</testng-results>
